C51 COMPILER V9.60.7.0   MAIN                                                              12/21/2024 14:15:46 PAGE 1   


C51 COMPILER V9.60.7.0, COMPILATION OF MODULE MAIN
OBJECT MODULE PLACED IN .\Objects\main.obj
COMPILER INVOKED BY: D:\keil C\C51\BIN\C51.EXE Main\main.c OMF2 OPTIMIZE(8,SPEED) BROWSE INCDIR(.\Main;.\User) DEBUG PRI
                    -NT(.\Listings\main.lst) TABS(2) OBJECT(.\Objects\main.obj)

line level    source

   1          #include "main.h"
   2          
   3          void delay_ms(int _time_delay)
   4          {
   5   1        unsigned char i,j;
   6   1        for(i =0;i<_time_delay;i++)
   7   1        {
   8   2          for(j=0;j<123;j++);
   9   2        }
  10   1      }
  11          unsigned char array_number_display[] = {
  12            0x0A, 0x7E, 0x8C, 0x2C, 0x78, 0x29, 0x09, 0x6E, 0x08, 0x28};
  13          
  14          void main()
  15          {
  16   1        unsigned char _array[4] = {0x7E, 0x8C, 0x2C, 0x78};
  17   1        while(1)
  18   1        {
  19   2          IC4094_Out(_array,4);
  20   2      
  21   2        }
  22   1      }


MODULE INFORMATION:   STATIC OVERLAYABLE
   CODE SIZE        =     58    ----
   CONSTANT SIZE    =      4    ----
   XDATA SIZE       =   ----    ----
   PDATA SIZE       =   ----    ----
   DATA SIZE        =     10       4
   IDATA SIZE       =   ----    ----
   BIT SIZE         =   ----    ----
   EDATA SIZE       =   ----    ----
   HDATA SIZE       =   ----    ----
   XDATA CONST SIZE =   ----    ----
   FAR CONST SIZE   =   ----    ----
END OF MODULE INFORMATION.


C51 COMPILATION COMPLETE.  0 WARNING(S),  0 ERROR(S)
